# JRE version: Java(TM) SE Runtime Environment (8.0_25-b17) (build 1.8.0_25-b17)
# Java VM: Java HotSpot(TM) 64-Bit Server VM (25.25-b02 mixed mode linux-amd64 compressed oops)
Heap:
 PSYoungGen      total 306688K, used 297901K [0x00000000eab00000, 0x0000000100000000, 0x0000000100000000)
  eden space 273408K, 96% used [0x00000000eab00000,0x00000000fad72830,0x00000000fb600000)
  from space 33280K, 99% used [0x00000000fb600000,0x00000000fd678eb0,0x00000000fd680000)
  to   space 41984K, 0% used [0x00000000fd700000,0x00000000fd700000,0x0000000100000000)
 ParOldGen       total 77824K, used 52099K [0x00000000c0000000, 0x00000000c4c00000, 0x00000000eab00000)
  object space 77824K, 66% used [0x00000000c0000000,0x00000000c32e0d38,0x00000000c4c00000)
 Metaspace       used 67908K, capacity 71608K, committed 72320K, reserved 1112064K
  class space    used 9197K, capacity 10415K, committed 10624K, reserved 1048576K
GC Heap History (10 events):
Event: 10899,395 GC heap before
{Heap before GC invocations=22 (full 4):
 PSYoungGen      total 304640K, used 275968K [0x00000000eab00000, 0x00000000ffd80000, 0x0000000100000000)
  eden space 275968K, 100% used [0x00000000eab00000,0x00000000fb880000,0x00000000fb880000)
  from space 28672K, 0% used [0x00000000fb880000,0x00000000fb880000,0x00000000fd480000)
  to   space 34816K, 0% used [0x00000000fdb80000,0x00000000fdb80000,0x00000000ffd80000)
 ParOldGen       total 77824K, used 56102K [0x00000000c0000000, 0x00000000c4c00000, 0x00000000eab00000)
  object space 77824K, 72% used [0x00000000c0000000,0x00000000c36c9820,0x00000000c4c00000)
 Metaspace       used 64076K, capacity 68051K, committed 68992K, reserved 1107968K
  class space    used 8669K, capacity 10043K, committed 10368K, reserved 1048576K
Event: 10900,002 GC heap after
Heap after GC invocations=22 (full 4):
 PSYoungGen      total 311808K, used 19164K [0x00000000eab00000, 0x0000000100000000, 0x0000000100000000)
  eden space 276992K, 0% used [0x00000000eab00000,0x00000000eab00000,0x00000000fb980000)
  from space 34816K, 55% used [0x00000000fdb80000,0x00000000fee37260,0x00000000ffd80000)
  to   space 34816K, 0% used [0x00000000fb980000,0x00000000fb980000,0x00000000fdb80000)
 ParOldGen       total 77824K, used 56110K [0x00000000c0000000, 0x00000000c4c00000, 0x00000000eab00000)
  object space 77824K, 72% used [0x00000000c0000000,0x00000000c36cb820,0x00000000c4c00000)
 Metaspace       used 64076K, capacity 68051K, committed 68992K, reserved 1107968K
  class space    used 8669K, capacity 10043K, committed 10368K, reserved 1048576K
}
Event: 10902,665 GC heap before
{Heap before GC invocations=23 (full 4):
 PSYoungGen      total 311808K, used 91564K [0x00000000eab00000, 0x0000000100000000, 0x0000000100000000)
  eden space 276992K, 26% used [0x00000000eab00000,0x00000000ef1b3f10,0x00000000fb980000)
  from space 34816K, 55% used [0x00000000fdb80000,0x00000000fee37260,0x00000000ffd80000)
  to   space 34816K, 0% used [0x00000000fb980000,0x00000000fb980000,0x00000000fdb80000)
 ParOldGen       total 77824K, used 56110K [0x00000000c0000000, 0x00000000c4c00000, 0x00000000eab00000)
  object space 77824K, 72% used [0x00000000c0000000,0x00000000c36cb820,0x00000000c4c00000)
 Metaspace       used 66099K, capacity 70389K, committed 70784K, reserved 1110016K
  class space    used 9037K, capacity 10440K, committed 10624K, reserved 1048576K
Event: 10902,776 GC heap after
Heap after GC invocations=23 (full 4):
 PSYoungGen      total 311808K, used 16494K [0x00000000eab00000, 0x0000000100000000, 0x0000000100000000)
  eden space 276992K, 0% used [0x00000000eab00000,0x00000000eab00000,0x00000000fb980000)
  from space 34816K, 47% used [0x00000000fb980000,0x00000000fc99b850,0x00000000fdb80000)
  to   space 33280K, 0% used [0x00000000fdf80000,0x00000000fdf80000,0x0000000100000000)
 ParOldGen       total 77824K, used 56118K [0x00000000c0000000, 0x00000000c4c00000, 0x00000000eab00000)
  object space 77824K, 72% used [0x00000000c0000000,0x00000000c36cd820,0x00000000c4c00000)
 Metaspace       used 66099K, capacity 70389K, committed 70784K, reserved 1110016K
  class space    used 9037K, capacity 10440K, committed 10624K, reserved 1048576K
}
Event: 10902,776 GC heap before
{Heap before GC invocations=24 (full 5):
 PSYoungGen      total 311808K, used 16494K [0x00000000eab00000, 0x0000000100000000, 0x0000000100000000)
  eden space 276992K, 0% used [0x00000000eab00000,0x00000000eab00000,0x00000000fb980000)
  from space 34816K, 47% used [0x00000000fb980000,0x00000000fc99b850,0x00000000fdb80000)
  to   space 33280K, 0% used [0x00000000fdf80000,0x00000000fdf80000,0x0000000100000000)
 ParOldGen       total 77824K, used 56118K [0x00000000c0000000, 0x00000000c4c00000, 0x00000000eab00000)
  object space 77824K, 72% used [0x00000000c0000000,0x00000000c36cd820,0x00000000c4c00000)
 Metaspace       used 66099K, capacity 70389K, committed 70784K, reserved 1110016K
  class space    used 9037K, capacity 10440K, committed 10624K, reserved 1048576K
Event: 10903,767 GC heap after
Heap after GC invocations=24 (full 5):
 PSYoungGen      total 311808K, used 0K [0x00000000eab00000, 0x0000000100000000, 0x0000000100000000)
  eden space 276992K, 0% used [0x00000000eab00000,0x00000000eab00000,0x00000000fb980000)
  from space 34816K, 0% used [0x00000000fb980000,0x00000000fb980000,0x00000000fdb80000)
  to   space 33280K, 0% used [0x00000000fdf80000,0x00000000fdf80000,0x0000000100000000)
 ParOldGen       total 77824K, used 52083K [0x00000000c0000000, 0x00000000c4c00000, 0x00000000eab00000)
  object space 77824K, 66% used [0x00000000c0000000,0x00000000c32dcd38,0x00000000c4c00000)
 Metaspace       used 53471K, capacity 55669K, committed 70784K, reserved 1110016K
  class space    used 7169K, capacity 7819K, committed 10624K, reserved 1048576K
}
Event: 10918,884 GC heap before
{Heap before GC invocations=25 (full 5):
 PSYoungGen      total 311808K, used 276992K [0x00000000eab00000, 0x0000000100000000, 0x0000000100000000)
  eden space 276992K, 100% used [0x00000000eab00000,0x00000000fb980000,0x00000000fb980000)
  from space 34816K, 0% used [0x00000000fb980000,0x00000000fb980000,0x00000000fdb80000)
  to   space 33280K, 0% used [0x00000000fdf80000,0x00000000fdf80000,0x0000000100000000)
 ParOldGen       total 77824K, used 52083K [0x00000000c0000000, 0x00000000c4c00000, 0x00000000eab00000)
  object space 77824K, 66% used [0x00000000c0000000,0x00000000c32dcd38,0x00000000c4c00000)
 Metaspace       used 63651K, capacity 66861K, committed 70784K, reserved 1110016K
  class space    used 8655K, capacity 9677K, committed 10624K, reserved 1048576K
Event: 10919,099 GC heap after
Heap after GC invocations=25 (full 5):
 PSYoungGen      total 306688K, used 31213K [0x00000000eab00000, 0x0000000100000000, 0x0000000100000000)
  eden space 273408K, 0% used [0x00000000eab00000,0x00000000eab00000,0x00000000fb600000)
  from space 33280K, 93% used [0x00000000fdf80000,0x00000000ffdfb660,0x0000000100000000)
  to   space 37888K, 0% used [0x00000000fb600000,0x00000000fb600000,0x00000000fdb00000)
 ParOldGen       total 77824K, used 52091K [0x00000000c0000000, 0x00000000c4c00000, 0x00000000eab00000)
  object space 77824K, 66% used [0x00000000c0000000,0x00000000c32ded38,0x00000000c4c00000)
 Metaspace       used 63651K, capacity 66861K, committed 70784K, reserved 1110016K
  class space    used 8655K, capacity 9677K, committed 10624K, reserved 1048576K
}
Event: 10930,044 GC heap before
{Heap before GC invocations=26 (full 5):
 PSYoungGen      total 306688K, used 304621K [0x00000000eab00000, 0x0000000100000000, 0x0000000100000000)
  eden space 273408K, 100% used [0x00000000eab00000,0x00000000fb600000,0x00000000fb600000)
  from space 33280K, 93% used [0x00000000fdf80000,0x00000000ffdfb660,0x0000000100000000)
  to   space 37888K, 0% used [0x00000000fb600000,0x00000000fb600000,0x00000000fdb00000)
 ParOldGen       total 77824K, used 52091K [0x00000000c0000000, 0x00000000c4c00000, 0x00000000eab00000)
  object space 77824K, 66% used [0x00000000c0000000,0x00000000c32ded38,0x00000000c4c00000)
 Metaspace       used 66339K, capacity 69660K, committed 71040K, reserved 1110016K
  class space    used 8955K, capacity 10047K, committed 10624K, reserved 1048576K
Event: 10930,269 GC heap after
Heap after GC invocations=26 (full 5):
 PSYoungGen      total 306688K, used 33251K [0x00000000eab00000, 0x0000000100000000, 0x0000000100000000)
  eden space 273408K, 0% used [0x00000000eab00000,0x00000000eab00000,0x00000000fb600000)
  from space 33280K, 99% used [0x00000000fb600000,0x00000000fd678eb0,0x00000000fd680000)
  to   space 41984K, 0% used [0x00000000fd700000,0x00000000fd700000,0x0000000100000000)
 ParOldGen       total 77824K, used 52099K [0x00000000c0000000, 0x00000000c4c00000, 0x00000000eab00000)
  object space 77824K, 66% used [0x00000000c0000000,0x00000000c32e0d38,0x00000000c4c00000)
 Metaspace       used 66339K, capacity 69660K, committed 71040K, reserved 1110016K
  class space    used 8955K, capacity 10047K, committed 10624K, reserved 1048576K
}

